2025-11-19 14:34:10,112 - INFO - Directory 'public' missing - creating it now.
2025-11-19 14:34:10,112 - INFO - Directory 'public' created.
2025-11-19 14:39:21,385 - INFO - Directory 'public' deleted.
2025-11-19 14:39:21,385 - INFO - Directory 'public' created.
2025-11-19 14:44:34,929 - INFO - Directory 'public' deleted.
2025-11-19 14:44:34,929 - INFO - Directory 'public' created successfully.
2025-11-19 15:14:11,317 - INFO - Directory 'public' deleted.
2025-11-19 15:14:11,317 - INFO - Directory 'public' created successfully.
2025-11-19 15:14:37,818 - INFO - Directory 'public' deleted.
2025-11-19 15:14:37,818 - INFO - Directory 'public' created successfully.
2025-11-19 15:18:15,495 - INFO - Directory 'public' deleted.
2025-11-19 15:18:15,495 - INFO - Directory 'public' created successfully.
2025-11-19 15:18:23,910 - INFO - Directory 'public' deleted.
2025-11-19 15:18:23,911 - INFO - Directory 'public' created successfully.
2025-11-19 15:30:40,856 - INFO - Directory 'public' deleted.
2025-11-19 15:30:40,856 - INFO - Directory 'public' created successfully.
2025-11-19 15:31:09,597 - INFO - Directory 'public' deleted.
2025-11-19 15:31:09,597 - INFO - Directory 'public' created successfully.
2025-11-19 15:31:29,524 - INFO - Directory 'public' deleted.
2025-11-19 15:31:29,524 - INFO - Directory 'public' created successfully.
2025-11-19 15:31:37,602 - INFO - Directory 'public' deleted.
2025-11-19 15:31:37,602 - INFO - Directory 'public' created successfully.
2025-11-19 15:42:37,784 - INFO - Directory 'public' deleted.
2025-11-19 15:42:37,784 - INFO - Directory 'public' created successfully.
2025-11-19 15:46:41,794 - INFO - Directory 'public' deleted.
2025-11-19 15:46:41,795 - INFO - Directory 'public' created successfully.
2025-11-19 15:46:41,795 - INFO - Direcotry public/images created.
2025-11-19 15:53:45,805 - INFO - Directory 'public' deleted.
2025-11-19 15:53:45,805 - INFO - Directory 'public' created successfully.
2025-11-19 15:53:45,805 - INFO - Direcotry public/images created.
2025-11-19 16:04:24,892 - INFO - Directory 'public' deleted.
2025-11-19 16:04:24,892 - INFO - Directory 'public' created successfully.
2025-11-19 16:04:24,892 - INFO - Direcotry public/images copied successfully.
2025-11-19 16:04:24,894 - INFO - File public/images/tolkien.png:Zone.Identifier copied successfully.
2025-11-19 16:04:24,895 - INFO - File public/images/tolkien.png copied successfully.
2025-11-19 16:04:24,896 - INFO - File public/index.css copied successfully.
2025-11-19 16:05:48,633 - INFO - Directory 'public' deleted.
2025-11-19 16:05:48,634 - INFO - Directory 'public' created successfully.
2025-11-19 16:05:48,634 - INFO - Direcotry public/images copied successfully.
2025-11-19 16:05:48,634 - INFO - File public/images/tolkien.png:Zone.Identifier copied successfully.
2025-11-19 16:05:48,634 - INFO - File public/images/tolkien.png copied successfully.
2025-11-19 16:05:48,634 - INFO - File public/index.css copied successfully.
2025-11-19 16:08:43,913 - INFO - Directory 'public' deleted.
2025-11-19 16:08:43,913 - INFO - Directory 'public' created successfully.
2025-11-19 16:08:43,913 - INFO - Ensured directory exists: public/images
2025-11-19 16:08:43,913 - INFO - File public/images/tolkien.png:Zone.Identifier copied successfully.
2025-11-19 16:08:43,913 - INFO - File public/images/tolkien.png copied successfully.
2025-11-19 16:08:43,913 - INFO - File public/index.css copied successfully.
2025-11-19 16:09:23,242 - INFO - Directory 'public' deleted.
2025-11-19 16:09:23,242 - INFO - Directory 'public' created successfully.
2025-11-19 16:09:23,242 - INFO - Ensured directory exists: public/images
2025-11-19 16:09:23,242 - INFO - File 'public/images/tolkien.png:Zone.Identifier' copied successfully.
2025-11-19 16:09:23,243 - INFO - File 'public/images/tolkien.png' copied successfully.
2025-11-19 16:09:23,243 - INFO - File 'public/index.css' copied successfully.
2025-11-19 16:10:39,542 - INFO - Directory 'public' deleted.
2025-11-19 16:10:39,542 - INFO - Directory 'public' created successfully.
2025-11-19 16:10:39,542 - INFO - Ensured directory exists: public/images
2025-11-19 16:10:39,543 - INFO - File 'images/tolkien.png:Zone.Identifier' copied successfully to '/home/benoi/workspace/github.com/benoit/static_site_generator/static/images/tolkien.png:Zone.Identifier'
2025-11-19 16:10:39,543 - INFO - File 'images/tolkien.png' copied successfully to '/home/benoi/workspace/github.com/benoit/static_site_generator/static/images/tolkien.png'
2025-11-19 16:10:39,543 - INFO - File 'index.css' copied successfully to '/home/benoi/workspace/github.com/benoit/static_site_generator/static/index.css'
2025-11-19 16:10:51,181 - INFO - Directory 'public' deleted.
2025-11-19 16:10:51,181 - INFO - Directory 'public' created successfully.
2025-11-19 16:10:51,181 - INFO - Ensured directory exists: public/images
2025-11-19 16:10:51,182 - INFO - File 'images/tolkien.png:Zone.Identifier' copied successfully to 'public/images/tolkien.png:Zone.Identifier'
2025-11-19 16:10:51,182 - INFO - File 'images/tolkien.png' copied successfully to 'public/images/tolkien.png'
2025-11-19 16:10:51,182 - INFO - File 'index.css' copied successfully to 'public/index.css'
2025-11-19 16:10:55,616 - INFO - Directory 'public' deleted.
2025-11-19 16:10:55,616 - INFO - Directory 'public' created successfully.
2025-11-19 16:10:55,616 - INFO - Ensured directory exists: public/images
2025-11-19 16:10:55,616 - INFO - File 'images/tolkien.png:Zone.Identifier' copied successfully to 'public/images/tolkien.png:Zone.Identifier'
2025-11-19 16:10:55,616 - INFO - File 'images/tolkien.png' copied successfully to 'public/images/tolkien.png'
2025-11-19 16:10:55,616 - INFO - File 'index.css' copied successfully to 'public/index.css'
2025-11-19 16:13:00,714 - INFO - Directory 'public' deleted.
2025-11-19 16:13:00,714 - INFO - Directory 'public' created successfully.
2025-11-19 16:13:00,714 - INFO - Ensured directory exists: public/images
2025-11-19 16:13:00,714 - INFO - File 'images/tolkien.png:Zone.Identifier' copied successfully to 'public/images/tolkien.png:Zone.Identifier'
2025-11-19 16:13:00,714 - INFO - File 'images/tolkien.png' copied successfully to 'public/images/tolkien.png'
2025-11-19 16:13:00,715 - INFO - File 'index.css' copied successfully to 'public/index.css'
2025-11-19 16:13:41,611 - INFO - Directory 'public' deleted.
2025-11-19 16:13:41,611 - INFO - Directory 'public' created successfully.
2025-11-19 16:13:41,611 - INFO - Ensured directory exists: public/images
2025-11-19 16:13:41,611 - INFO - File 'images/tolkien.png:Zone.Identifier' copied successfully to 'public/images/tolkien.png:Zone.Identifier'
2025-11-19 16:13:41,611 - INFO - File 'images/tolkien.png' copied successfully to 'public/images/tolkien.png'
2025-11-19 16:13:41,612 - INFO - File 'index.css' copied successfully to 'public/index.css'
2025-11-19 16:14:02,728 - INFO - Directory 'public' deleted.
2025-11-19 16:14:02,729 - INFO - Directory 'public' created successfully.
2025-11-19 16:14:02,729 - INFO - Ensured directory exists: public/images
2025-11-19 16:14:02,729 - INFO - File 'images/tolkien.png:Zone.Identifier' copied successfully to 'public/images/tolkien.png:Zone.Identifier'
2025-11-19 16:14:02,729 - INFO - File 'images/tolkien.png' copied successfully to 'public/images/tolkien.png'
2025-11-19 16:14:02,729 - INFO - File 'index.css' copied successfully to 'public/index.css'
2025-11-19 20:35:39,371 - INFO - Directory 'public' deleted.
2025-11-19 20:35:39,372 - INFO - Directory 'public' created successfully.
2025-11-19 20:35:39,372 - INFO - Ensured directory exists: public/images
2025-11-19 20:35:39,372 - INFO - File 'images/tolkien.png:Zone.Identifier' copied successfully to 'public/images/tolkien.png:Zone.Identifier'
2025-11-19 20:35:39,373 - INFO - File 'images/tolkien.png' copied successfully to 'public/images/tolkien.png'
2025-11-19 20:35:39,374 - INFO - File 'index.css' copied successfully to 'public/index.css'
2025-11-19 20:36:03,941 - INFO - Directory 'public' deleted.
2025-11-19 20:36:03,941 - INFO - Directory 'public' created successfully.
2025-11-19 20:36:03,941 - INFO - Ensured directory exists: public/images
2025-11-19 20:36:03,941 - INFO - File 'images/tolkien.png:Zone.Identifier' copied successfully to 'public/images/tolkien.png:Zone.Identifier'
2025-11-19 20:36:03,942 - INFO - File 'images/tolkien.png' copied successfully to 'public/images/tolkien.png'
2025-11-19 20:36:03,942 - INFO - File 'index.css' copied successfully to 'public/index.css'
2025-11-19 20:37:57,029 - INFO - Directory 'public' deleted.
2025-11-19 20:37:57,029 - INFO - Directory 'public' created successfully.
2025-11-19 20:37:57,029 - INFO - Ensured directory exists: public/images
2025-11-19 20:37:57,030 - INFO - File 'images/tolkien.png:Zone.Identifier' copied successfully to 'public/images/tolkien.png:Zone.Identifier'
2025-11-19 20:37:57,030 - INFO - File 'images/tolkien.png' copied successfully to 'public/images/tolkien.png'
2025-11-19 20:37:57,030 - INFO - File 'index.css' copied successfully to 'public/index.css'
2025-11-19 20:41:28,356 - INFO - Directory 'public' deleted.
2025-11-19 20:41:28,356 - INFO - Directory 'public' created successfully.
2025-11-19 20:41:28,357 - INFO - Ensured directory exists: public/images
2025-11-19 20:41:28,357 - INFO - File 'images/tolkien.png:Zone.Identifier' copied successfully to 'public/images/tolkien.png:Zone.Identifier'
2025-11-19 20:41:28,357 - INFO - File 'images/tolkien.png' copied successfully to 'public/images/tolkien.png'
2025-11-19 20:41:28,357 - INFO - File 'index.css' copied successfully to 'public/index.css'
2025-11-19 20:47:25,758 - INFO - Directory 'public' deleted.
2025-11-19 20:47:25,758 - INFO - Directory 'public' created successfully.
2025-11-19 20:47:25,758 - INFO - Ensured directory exists: public/images
2025-11-19 20:47:25,758 - INFO - File 'images/tolkien.png:Zone.Identifier' copied successfully to 'public/images/tolkien.png:Zone.Identifier'
2025-11-19 20:47:25,758 - INFO - File 'images/tolkien.png' copied successfully to 'public/images/tolkien.png'
2025-11-19 20:47:25,759 - INFO - File 'index.css' copied successfully to 'public/index.css'
2025-11-19 20:48:35,261 - INFO - Directory 'public' deleted.
2025-11-19 20:48:35,261 - INFO - Directory 'public' created successfully.
2025-11-19 20:48:35,261 - INFO - Ensured directory exists: public/images
2025-11-19 20:48:35,261 - INFO - File 'images/tolkien.png:Zone.Identifier' copied successfully to 'public/images/tolkien.png:Zone.Identifier'
2025-11-19 20:48:35,262 - INFO - File 'images/tolkien.png' copied successfully to 'public/images/tolkien.png'
2025-11-19 20:48:35,262 - INFO - File 'index.css' copied successfully to 'public/index.css'
2025-11-19 20:49:54,580 - INFO - Directory 'public' deleted.
2025-11-19 20:49:54,580 - INFO - Directory 'public' created successfully.
2025-11-19 20:49:54,580 - INFO - Ensured directory exists: public/images
2025-11-19 20:49:54,580 - INFO - File 'images/tolkien.png:Zone.Identifier' copied successfully to 'public/images/tolkien.png:Zone.Identifier'
2025-11-19 20:49:54,580 - INFO - File 'images/tolkien.png' copied successfully to 'public/images/tolkien.png'
2025-11-19 20:49:54,581 - INFO - File 'index.css' copied successfully to 'public/index.css'
2025-11-19 20:50:20,390 - INFO - Directory 'public' deleted.
2025-11-19 20:50:20,391 - INFO - Directory 'public' created successfully.
2025-11-19 20:50:20,391 - INFO - Ensured directory exists: public/images
2025-11-19 20:50:20,391 - INFO - File 'images/tolkien.png:Zone.Identifier' copied successfully to 'public/images/tolkien.png:Zone.Identifier'
2025-11-19 20:50:20,391 - INFO - File 'images/tolkien.png' copied successfully to 'public/images/tolkien.png'
2025-11-19 20:50:20,391 - INFO - File 'index.css' copied successfully to 'public/index.css'
2025-11-19 20:50:33,187 - INFO - Directory 'public' deleted.
2025-11-19 20:50:33,187 - INFO - Directory 'public' created successfully.
2025-11-19 20:50:33,187 - INFO - Ensured directory exists: public/images
2025-11-19 20:50:33,188 - INFO - File 'images/tolkien.png:Zone.Identifier' copied successfully to 'public/images/tolkien.png:Zone.Identifier'
2025-11-19 20:50:33,188 - INFO - File 'images/tolkien.png' copied successfully to 'public/images/tolkien.png'
2025-11-19 20:50:33,188 - INFO - File 'index.css' copied successfully to 'public/index.css'
2025-11-19 20:51:23,502 - INFO - Directory 'public' deleted.
2025-11-19 20:51:23,502 - INFO - Directory 'public' created successfully.
2025-11-19 20:51:23,502 - INFO - Ensured directory exists: public/images
2025-11-19 20:51:23,502 - INFO - File 'images/tolkien.png:Zone.Identifier' copied successfully to 'public/images/tolkien.png:Zone.Identifier'
2025-11-19 20:51:23,503 - INFO - File 'images/tolkien.png' copied successfully to 'public/images/tolkien.png'
2025-11-19 20:51:23,503 - INFO - File 'index.css' copied successfully to 'public/index.css'
2025-11-19 20:51:59,430 - INFO - Directory 'public' deleted.
2025-11-19 20:51:59,431 - INFO - Directory 'public' created successfully.
2025-11-19 20:51:59,431 - INFO - Ensured directory exists: public/images
2025-11-19 20:51:59,431 - INFO - File 'images/tolkien.png:Zone.Identifier' copied successfully to 'public/images/tolkien.png:Zone.Identifier'
2025-11-19 20:51:59,431 - INFO - File 'images/tolkien.png' copied successfully to 'public/images/tolkien.png'
2025-11-19 20:51:59,431 - INFO - File 'index.css' copied successfully to 'public/index.css'
2025-11-19 20:59:30,718 - INFO - Directory 'public' deleted.
2025-11-19 20:59:30,719 - INFO - Directory 'public' created successfully.
2025-11-19 20:59:30,719 - INFO - Ensured directory exists: public/images
2025-11-19 20:59:30,719 - INFO - File 'images/tolkien.png:Zone.Identifier' copied successfully to 'public/images/tolkien.png:Zone.Identifier'
2025-11-19 20:59:30,719 - INFO - File 'images/tolkien.png' copied successfully to 'public/images/tolkien.png'
2025-11-19 20:59:30,720 - INFO - File 'index.css' copied successfully to 'public/index.css'
2025-11-19 20:59:59,683 - INFO - Directory 'public' deleted.
2025-11-19 20:59:59,683 - INFO - Directory 'public' created successfully.
2025-11-19 20:59:59,683 - INFO - Ensured directory exists: public/images
2025-11-19 20:59:59,683 - INFO - File 'images/tolkien.png:Zone.Identifier' copied successfully to 'public/images/tolkien.png:Zone.Identifier'
2025-11-19 20:59:59,684 - INFO - File 'images/tolkien.png' copied successfully to 'public/images/tolkien.png'
2025-11-19 20:59:59,684 - INFO - File 'index.css' copied successfully to 'public/index.css'
2025-11-19 21:11:52,184 - INFO - Directory 'public' deleted.
2025-11-19 21:11:52,184 - INFO - Directory 'public' created successfully.
2025-11-19 21:11:52,184 - INFO - Ensured directory exists: public/images
2025-11-19 21:11:52,184 - INFO - File 'images/tolkien.png:Zone.Identifier' copied successfully to 'public/images/tolkien.png:Zone.Identifier'
2025-11-19 21:11:52,185 - INFO - File 'images/tolkien.png' copied successfully to 'public/images/tolkien.png'
2025-11-19 21:11:52,185 - INFO - File 'index.css' copied successfully to 'public/index.css'
2025-11-19 21:11:52,185 - INFO - Created 'index.html' File in public/index.html successfully.
2025-11-19 21:13:36,141 - INFO - --------- GENERATING STARTED ---------
2025-11-19 21:13:36,141 - INFO - Directory 'public' deleted.
2025-11-19 21:13:36,141 - INFO - Directory 'public' created successfully.
2025-11-19 21:13:36,141 - INFO - Ensured directory exists: public/images
2025-11-19 21:13:36,142 - INFO - File 'images/tolkien.png:Zone.Identifier' copied successfully to 'public/images/tolkien.png:Zone.Identifier'
2025-11-19 21:13:36,142 - INFO - File 'images/tolkien.png' copied successfully to 'public/images/tolkien.png'
2025-11-19 21:13:36,142 - INFO - File 'index.css' copied successfully to 'public/index.css'
2025-11-19 21:13:36,142 - INFO - Created 'index.html' File in public/index.html successfully.
2025-11-19 21:15:42,272 - INFO - --------- GENERATING STARTED ---------
2025-11-19 21:15:42,273 - INFO - Directory 'public' deleted.
2025-11-19 21:15:42,273 - INFO - Directory 'public' created successfully.
2025-11-19 21:15:42,273 - INFO - Ensured directory exists: public/images
2025-11-19 21:15:42,273 - INFO - File 'images/tolkien.png:Zone.Identifier' copied successfully to 'public/images/tolkien.png:Zone.Identifier'
2025-11-19 21:15:42,273 - INFO - File 'images/tolkien.png' copied successfully to 'public/images/tolkien.png'
2025-11-19 21:15:42,273 - INFO - File 'index.css' copied successfully to 'public/index.css'
2025-11-19 21:15:42,274 - INFO - Created 'index.html' File in public/index.html successfully.
